2002.01.29 12:10 B C:\User\Andrea\Programas\curvature\curves\anaq\Circle\C002\cir2.bmp --> cyvision /home/campos/bakcup2901/programas/curvature/curves/anaq/Circle/C002 cir2.bmp
2002.01.29 12:10 B C:\User\Andrea\Programas\curvature\curves\anaq\Circle\C002\curvescan.emf --> cyvision /home/campos/bakcup2901/programas/curvature/curves/anaq/Circle/C002 curvescan.emf
2002.01.29 12:10 B C:\User\Andrea\Programas\curvature\curves\anaq\Circle\C002\curvevideo.emf --> cyvision /home/campos/bakcup2901/programas/curvature/curves/anaq/Circle/C002 curvevideo.emf
2002.01.29 12:10 B C:\User\Andrea\Programas\curvature\curves\anaq\Circle\C002\fig.bmp --> cyvision /home/campos/bakcup2901/programas/curvature/curves/anaq/Circle/C002 fig.bmp
2002.01.29 12:10 B C:\User\Andrea\Programas\curvature\curves\anaq\Circle\C002\fig1.emf --> cyvision /home/campos/bakcup2901/programas/curvature/curves/anaq/Circle/C002 fig1.emf
2002.01.29 12:10 B C:\User\Andrea\Programas\curvature\curves\anaq\Circle\C002\fig2.emf --> cyvision /home/campos/bakcup2901/programas/curvature/curves/anaq/Circle/C002 fig2.emf
2002.01.29 12:10 B C:\User\Andrea\Programas\curvature\curves\anaq\Circle\C002\IN_K_giq.dat --> cyvision /home/campos/bakcup2901/programas/curvature/curves/anaq/Circle/C002 IN_K_giq.dat
2002.01.29 12:10 B C:\User\Andrea\Programas\curvature\curves\anaq\Circle\C002\IN_K_sbq.dat --> cyvision /home/campos/bakcup2901/programas/curvature/curves/anaq/Circle/C002 IN_K_sbq.dat
2002.01.29 12:10 B C:\User\Andrea\Programas\curvature\curves\anaq\Circle\C002\IN_k_sca.dat --> cyvision /home/campos/bakcup2901/programas/curvature/curves/anaq/Circle/C002 IN_k_sca.dat
2002.01.29 12:10 B C:\User\Andrea\Programas\curvature\curves\anaq\Circle\C002\IN_k_vdo.dat --> cyvision /home/campos/bakcup2901/programas/curvature/curves/anaq/Circle/C002 IN_k_vdo.dat
2002.01.29 12:10 B C:\User\Andrea\Programas\curvature\curves\anaq\Circle\C002\info.txt --> cyvision /home/campos/bakcup2901/programas/curvature/curves/anaq/Circle/C002 info.txt
2002.01.29 12:10 B C:\User\Andrea\Programas\curvature\curves\anaq\Circle\C002\K_ana.dat --> cyvision /home/campos/bakcup2901/programas/curvature/curves/anaq/Circle/C002 K_ana.dat
2002.01.29 12:10 B C:\User\Andrea\Programas\curvature\curves\anaq\Circle\C002\K_giq.dat --> cyvision /home/campos/bakcup2901/programas/curvature/curves/anaq/Circle/C002 K_giq.dat
2002.01.29 12:10 B C:\User\Andrea\Programas\curvature\curves\anaq\Circle\C002\K_sbq.dat --> cyvision /home/campos/bakcup2901/programas/curvature/curves/anaq/Circle/C002 K_sbq.dat
2002.01.29 12:10 B C:\User\Andrea\Programas\curvature\curves\anaq\Circle\C002\k_sca.dat --> cyvision /home/campos/bakcup2901/programas/curvature/curves/anaq/Circle/C002 k_sca.dat
2002.01.29 12:10 B C:\User\Andrea\Programas\curvature\curves\anaq\Circle\C002\k_vdo.dat --> cyvision /home/campos/bakcup2901/programas/curvature/curves/anaq/Circle/C002 k_vdo.dat
2002.01.29 12:10 B C:\User\Andrea\Programas\curvature\curves\anaq\Circle\C002\X_ana.dat --> cyvision /home/campos/bakcup2901/programas/curvature/curves/anaq/Circle/C002 X_ana.dat
2002.01.29 12:10 B C:\User\Andrea\Programas\curvature\curves\anaq\Circle\C002\X_giq.dat --> cyvision /home/campos/bakcup2901/programas/curvature/curves/anaq/Circle/C002 X_giq.dat
2002.01.29 12:10 B C:\User\Andrea\Programas\curvature\curves\anaq\Circle\C002\X_sbq.dat --> cyvision /home/campos/bakcup2901/programas/curvature/curves/anaq/Circle/C002 X_sbq.dat
2002.01.29 12:10 B C:\User\Andrea\Programas\curvature\curves\anaq\Circle\C002\X_sca.dat --> cyvision /home/campos/bakcup2901/programas/curvature/curves/anaq/Circle/C002 X_sca.dat
2002.01.29 12:10 B C:\User\Andrea\Programas\curvature\curves\anaq\Circle\C002\X_vdo.dat --> cyvision /home/campos/bakcup2901/programas/curvature/curves/anaq/Circle/C002 X_vdo.dat
2002.01.29 12:10 B C:\User\Andrea\Programas\curvature\curves\anaq\Circle\C002\Y_ana.dat --> cyvision /home/campos/bakcup2901/programas/curvature/curves/anaq/Circle/C002 Y_ana.dat
2002.01.29 12:10 B C:\User\Andrea\Programas\curvature\curves\anaq\Circle\C002\Y_giq.dat --> cyvision /home/campos/bakcup2901/programas/curvature/curves/anaq/Circle/C002 Y_giq.dat
2002.01.29 12:10 B C:\User\Andrea\Programas\curvature\curves\anaq\Circle\C002\Y_sbq.dat --> cyvision /home/campos/bakcup2901/programas/curvature/curves/anaq/Circle/C002 Y_sbq.dat
2002.01.29 12:10 B C:\User\Andrea\Programas\curvature\curves\anaq\Circle\C002\Y_sca.dat --> cyvision /home/campos/bakcup2901/programas/curvature/curves/anaq/Circle/C002 Y_sca.dat
2002.01.29 12:10 B C:\User\Andrea\Programas\curvature\curves\anaq\Circle\C002\Y_vdo.dat --> cyvision /home/campos/bakcup2901/programas/curvature/curves/anaq/Circle/C002 Y_vdo.dat
