2002.01.29 12:10 B C:\User\Andrea\Programas\curvature\curves\anaq\Circle\C001\cir1.bmp --> cyvision /home/campos/bakcup2901/programas/curvature/curves/anaq/Circle/C001 cir1.bmp
2002.01.29 12:10 B C:\User\Andrea\Programas\curvature\curves\anaq\Circle\C001\curvescan.emf --> cyvision /home/campos/bakcup2901/programas/curvature/curves/anaq/Circle/C001 curvescan.emf
2002.01.29 12:10 B C:\User\Andrea\Programas\curvature\curves\anaq\Circle\C001\curvevideo.emf --> cyvision /home/campos/bakcup2901/programas/curvature/curves/anaq/Circle/C001 curvevideo.emf
2002.01.29 12:10 B C:\User\Andrea\Programas\curvature\curves\anaq\Circle\C001\fig.bmp --> cyvision /home/campos/bakcup2901/programas/curvature/curves/anaq/Circle/C001 fig.bmp
2002.01.29 12:10 B C:\User\Andrea\Programas\curvature\curves\anaq\Circle\C001\fig1.emf --> cyvision /home/campos/bakcup2901/programas/curvature/curves/anaq/Circle/C001 fig1.emf
2002.01.29 12:10 B C:\User\Andrea\Programas\curvature\curves\anaq\Circle\C001\fig2.emf --> cyvision /home/campos/bakcup2901/programas/curvature/curves/anaq/Circle/C001 fig2.emf
2002.01.29 12:10 B C:\User\Andrea\Programas\curvature\curves\anaq\Circle\C001\IN_K_giq.dat --> cyvision /home/campos/bakcup2901/programas/curvature/curves/anaq/Circle/C001 IN_K_giq.dat
2002.01.29 12:10 B C:\User\Andrea\Programas\curvature\curves\anaq\Circle\C001\IN_K_sbq.dat --> cyvision /home/campos/bakcup2901/programas/curvature/curves/anaq/Circle/C001 IN_K_sbq.dat
2002.01.29 12:10 B C:\User\Andrea\Programas\curvature\curves\anaq\Circle\C001\IN_k_sca.dat --> cyvision /home/campos/bakcup2901/programas/curvature/curves/anaq/Circle/C001 IN_k_sca.dat
2002.01.29 12:10 B C:\User\Andrea\Programas\curvature\curves\anaq\Circle\C001\IN_k_vdo.dat --> cyvision /home/campos/bakcup2901/programas/curvature/curves/anaq/Circle/C001 IN_k_vdo.dat
2002.01.29 12:10 B C:\User\Andrea\Programas\curvature\curves\anaq\Circle\C001\info.txt --> cyvision /home/campos/bakcup2901/programas/curvature/curves/anaq/Circle/C001 info.txt
2002.01.29 12:10 B C:\User\Andrea\Programas\curvature\curves\anaq\Circle\C001\K_ana.dat --> cyvision /home/campos/bakcup2901/programas/curvature/curves/anaq/Circle/C001 K_ana.dat
2002.01.29 12:10 B C:\User\Andrea\Programas\curvature\curves\anaq\Circle\C001\K_giq.dat --> cyvision /home/campos/bakcup2901/programas/curvature/curves/anaq/Circle/C001 K_giq.dat
2002.01.29 12:10 B C:\User\Andrea\Programas\curvature\curves\anaq\Circle\C001\K_sbq.dat --> cyvision /home/campos/bakcup2901/programas/curvature/curves/anaq/Circle/C001 K_sbq.dat
2002.01.29 12:10 B C:\User\Andrea\Programas\curvature\curves\anaq\Circle\C001\k_sca.dat --> cyvision /home/campos/bakcup2901/programas/curvature/curves/anaq/Circle/C001 k_sca.dat
2002.01.29 12:10 B C:\User\Andrea\Programas\curvature\curves\anaq\Circle\C001\k_vdo.dat --> cyvision /home/campos/bakcup2901/programas/curvature/curves/anaq/Circle/C001 k_vdo.dat
2002.01.29 12:10 B C:\User\Andrea\Programas\curvature\curves\anaq\Circle\C001\X_ana.dat --> cyvision /home/campos/bakcup2901/programas/curvature/curves/anaq/Circle/C001 X_ana.dat
2002.01.29 12:10 B C:\User\Andrea\Programas\curvature\curves\anaq\Circle\C001\X_giq.dat --> cyvision /home/campos/bakcup2901/programas/curvature/curves/anaq/Circle/C001 X_giq.dat
2002.01.29 12:10 B C:\User\Andrea\Programas\curvature\curves\anaq\Circle\C001\X_sbq.dat --> cyvision /home/campos/bakcup2901/programas/curvature/curves/anaq/Circle/C001 X_sbq.dat
2002.01.29 12:10 B C:\User\Andrea\Programas\curvature\curves\anaq\Circle\C001\X_sca.dat --> cyvision /home/campos/bakcup2901/programas/curvature/curves/anaq/Circle/C001 X_sca.dat
2002.01.29 12:10 B C:\User\Andrea\Programas\curvature\curves\anaq\Circle\C001\X_vdo.dat --> cyvision /home/campos/bakcup2901/programas/curvature/curves/anaq/Circle/C001 X_vdo.dat
2002.01.29 12:10 B C:\User\Andrea\Programas\curvature\curves\anaq\Circle\C001\Y_ana.dat --> cyvision /home/campos/bakcup2901/programas/curvature/curves/anaq/Circle/C001 Y_ana.dat
2002.01.29 12:10 B C:\User\Andrea\Programas\curvature\curves\anaq\Circle\C001\Y_giq.dat --> cyvision /home/campos/bakcup2901/programas/curvature/curves/anaq/Circle/C001 Y_giq.dat
2002.01.29 12:10 B C:\User\Andrea\Programas\curvature\curves\anaq\Circle\C001\Y_sbq.dat --> cyvision /home/campos/bakcup2901/programas/curvature/curves/anaq/Circle/C001 Y_sbq.dat
2002.01.29 12:10 B C:\User\Andrea\Programas\curvature\curves\anaq\Circle\C001\Y_sca.dat --> cyvision /home/campos/bakcup2901/programas/curvature/curves/anaq/Circle/C001 Y_sca.dat
2002.01.29 12:10 B C:\User\Andrea\Programas\curvature\curves\anaq\Circle\C001\Y_vdo.dat --> cyvision /home/campos/bakcup2901/programas/curvature/curves/anaq/Circle/C001 Y_vdo.dat
