2002.01.29 12:11 B C:\User\Andrea\Programas\curvature\curves\anaq\sFlower\C201\curvescan.emf --> cyvision /home/campos/bakcup2901/programas/curvature/curves/anaq/sFlower/C201 curvescan.emf
2002.01.29 12:11 B C:\User\Andrea\Programas\curvature\curves\anaq\sFlower\C201\curvevideo.emf --> cyvision /home/campos/bakcup2901/programas/curvature/curves/anaq/sFlower/C201 curvevideo.emf
2002.01.29 12:11 B C:\User\Andrea\Programas\curvature\curves\anaq\sFlower\C201\fig.bmp --> cyvision /home/campos/bakcup2901/programas/curvature/curves/anaq/sFlower/C201 fig.bmp
2002.01.29 12:11 B C:\User\Andrea\Programas\curvature\curves\anaq\sFlower\C201\fig1.emf --> cyvision /home/campos/bakcup2901/programas/curvature/curves/anaq/sFlower/C201 fig1.emf
2002.01.29 12:11 B C:\User\Andrea\Programas\curvature\curves\anaq\sFlower\C201\fig2.emf --> cyvision /home/campos/bakcup2901/programas/curvature/curves/anaq/sFlower/C201 fig2.emf
2002.01.29 12:11 B C:\User\Andrea\Programas\curvature\curves\anaq\sFlower\C201\IN_K_giq.dat --> cyvision /home/campos/bakcup2901/programas/curvature/curves/anaq/sFlower/C201 IN_K_giq.dat
2002.01.29 12:11 B C:\User\Andrea\Programas\curvature\curves\anaq\sFlower\C201\IN_K_sbq.dat --> cyvision /home/campos/bakcup2901/programas/curvature/curves/anaq/sFlower/C201 IN_K_sbq.dat
2002.01.29 12:11 B C:\User\Andrea\Programas\curvature\curves\anaq\sFlower\C201\IN_k_sca.dat --> cyvision /home/campos/bakcup2901/programas/curvature/curves/anaq/sFlower/C201 IN_k_sca.dat
2002.01.29 12:11 B C:\User\Andrea\Programas\curvature\curves\anaq\sFlower\C201\IN_k_vdo.dat --> cyvision /home/campos/bakcup2901/programas/curvature/curves/anaq/sFlower/C201 IN_k_vdo.dat
2002.01.29 12:11 B C:\User\Andrea\Programas\curvature\curves\anaq\sFlower\C201\info.txt --> cyvision /home/campos/bakcup2901/programas/curvature/curves/anaq/sFlower/C201 info.txt
2002.01.29 12:11 B C:\User\Andrea\Programas\curvature\curves\anaq\sFlower\C201\K_ana.dat --> cyvision /home/campos/bakcup2901/programas/curvature/curves/anaq/sFlower/C201 K_ana.dat
2002.01.29 12:11 B C:\User\Andrea\Programas\curvature\curves\anaq\sFlower\C201\K_giq.dat --> cyvision /home/campos/bakcup2901/programas/curvature/curves/anaq/sFlower/C201 K_giq.dat
2002.01.29 12:11 B C:\User\Andrea\Programas\curvature\curves\anaq\sFlower\C201\K_sbq.dat --> cyvision /home/campos/bakcup2901/programas/curvature/curves/anaq/sFlower/C201 K_sbq.dat
2002.01.29 12:11 B C:\User\Andrea\Programas\curvature\curves\anaq\sFlower\C201\k_sca.dat --> cyvision /home/campos/bakcup2901/programas/curvature/curves/anaq/sFlower/C201 k_sca.dat
2002.01.29 12:11 B C:\User\Andrea\Programas\curvature\curves\anaq\sFlower\C201\k_vdo.dat --> cyvision /home/campos/bakcup2901/programas/curvature/curves/anaq/sFlower/C201 k_vdo.dat
2002.01.29 12:11 B C:\User\Andrea\Programas\curvature\curves\anaq\sFlower\C201\sfl1.bmp --> cyvision /home/campos/bakcup2901/programas/curvature/curves/anaq/sFlower/C201 sfl1.bmp
2002.01.29 12:11 B C:\User\Andrea\Programas\curvature\curves\anaq\sFlower\C201\X_ana.dat --> cyvision /home/campos/bakcup2901/programas/curvature/curves/anaq/sFlower/C201 X_ana.dat
2002.01.29 12:11 B C:\User\Andrea\Programas\curvature\curves\anaq\sFlower\C201\X_giq.dat --> cyvision /home/campos/bakcup2901/programas/curvature/curves/anaq/sFlower/C201 X_giq.dat
2002.01.29 12:11 B C:\User\Andrea\Programas\curvature\curves\anaq\sFlower\C201\X_sbq.dat --> cyvision /home/campos/bakcup2901/programas/curvature/curves/anaq/sFlower/C201 X_sbq.dat
2002.01.29 12:11 B C:\User\Andrea\Programas\curvature\curves\anaq\sFlower\C201\X_sca.dat --> cyvision /home/campos/bakcup2901/programas/curvature/curves/anaq/sFlower/C201 X_sca.dat
2002.01.29 12:11 B C:\User\Andrea\Programas\curvature\curves\anaq\sFlower\C201\X_vdo.dat --> cyvision /home/campos/bakcup2901/programas/curvature/curves/anaq/sFlower/C201 X_vdo.dat
2002.01.29 12:11 B C:\User\Andrea\Programas\curvature\curves\anaq\sFlower\C201\Y_ana.dat --> cyvision /home/campos/bakcup2901/programas/curvature/curves/anaq/sFlower/C201 Y_ana.dat
2002.01.29 12:11 B C:\User\Andrea\Programas\curvature\curves\anaq\sFlower\C201\Y_giq.dat --> cyvision /home/campos/bakcup2901/programas/curvature/curves/anaq/sFlower/C201 Y_giq.dat
2002.01.29 12:11 B C:\User\Andrea\Programas\curvature\curves\anaq\sFlower\C201\Y_sbq.dat --> cyvision /home/campos/bakcup2901/programas/curvature/curves/anaq/sFlower/C201 Y_sbq.dat
2002.01.29 12:11 B C:\User\Andrea\Programas\curvature\curves\anaq\sFlower\C201\Y_sca.dat --> cyvision /home/campos/bakcup2901/programas/curvature/curves/anaq/sFlower/C201 Y_sca.dat
2002.01.29 12:11 B C:\User\Andrea\Programas\curvature\curves\anaq\sFlower\C201\Y_vdo.dat --> cyvision /home/campos/bakcup2901/programas/curvature/curves/anaq/sFlower/C201 Y_vdo.dat
