2002.01.29 12:11 B C:\User\Andrea\Programas\curvature\curves\anaq\sFlower\C202\curvescan.emf --> cyvision /home/campos/bakcup2901/programas/curvature/curves/anaq/sFlower/C202 curvescan.emf
2002.01.29 12:11 B C:\User\Andrea\Programas\curvature\curves\anaq\sFlower\C202\curvevideo.emf --> cyvision /home/campos/bakcup2901/programas/curvature/curves/anaq/sFlower/C202 curvevideo.emf
2002.01.29 12:11 B C:\User\Andrea\Programas\curvature\curves\anaq\sFlower\C202\fig.bmp --> cyvision /home/campos/bakcup2901/programas/curvature/curves/anaq/sFlower/C202 fig.bmp
2002.01.29 12:11 B C:\User\Andrea\Programas\curvature\curves\anaq\sFlower\C202\fig1.emf --> cyvision /home/campos/bakcup2901/programas/curvature/curves/anaq/sFlower/C202 fig1.emf
2002.01.29 12:11 B C:\User\Andrea\Programas\curvature\curves\anaq\sFlower\C202\fig2.emf --> cyvision /home/campos/bakcup2901/programas/curvature/curves/anaq/sFlower/C202 fig2.emf
2002.01.29 12:11 B C:\User\Andrea\Programas\curvature\curves\anaq\sFlower\C202\IN_K_giq.dat --> cyvision /home/campos/bakcup2901/programas/curvature/curves/anaq/sFlower/C202 IN_K_giq.dat
2002.01.29 12:11 B C:\User\Andrea\Programas\curvature\curves\anaq\sFlower\C202\IN_K_sbq.dat --> cyvision /home/campos/bakcup2901/programas/curvature/curves/anaq/sFlower/C202 IN_K_sbq.dat
2002.01.29 12:11 B C:\User\Andrea\Programas\curvature\curves\anaq\sFlower\C202\IN_k_sca.dat --> cyvision /home/campos/bakcup2901/programas/curvature/curves/anaq/sFlower/C202 IN_k_sca.dat
2002.01.29 12:11 B C:\User\Andrea\Programas\curvature\curves\anaq\sFlower\C202\IN_k_vdo.dat --> cyvision /home/campos/bakcup2901/programas/curvature/curves/anaq/sFlower/C202 IN_k_vdo.dat
2002.01.29 12:11 B C:\User\Andrea\Programas\curvature\curves\anaq\sFlower\C202\info.txt --> cyvision /home/campos/bakcup2901/programas/curvature/curves/anaq/sFlower/C202 info.txt
2002.01.29 12:11 B C:\User\Andrea\Programas\curvature\curves\anaq\sFlower\C202\K_ana.dat --> cyvision /home/campos/bakcup2901/programas/curvature/curves/anaq/sFlower/C202 K_ana.dat
2002.01.29 12:11 B C:\User\Andrea\Programas\curvature\curves\anaq\sFlower\C202\K_giq.dat --> cyvision /home/campos/bakcup2901/programas/curvature/curves/anaq/sFlower/C202 K_giq.dat
2002.01.29 12:11 B C:\User\Andrea\Programas\curvature\curves\anaq\sFlower\C202\K_sbq.dat --> cyvision /home/campos/bakcup2901/programas/curvature/curves/anaq/sFlower/C202 K_sbq.dat
2002.01.29 12:11 B C:\User\Andrea\Programas\curvature\curves\anaq\sFlower\C202\k_sca.dat --> cyvision /home/campos/bakcup2901/programas/curvature/curves/anaq/sFlower/C202 k_sca.dat
2002.01.29 12:11 B C:\User\Andrea\Programas\curvature\curves\anaq\sFlower\C202\k_vdo.dat --> cyvision /home/campos/bakcup2901/programas/curvature/curves/anaq/sFlower/C202 k_vdo.dat
2002.01.29 12:11 B C:\User\Andrea\Programas\curvature\curves\anaq\sFlower\C202\sfl2.bmp --> cyvision /home/campos/bakcup2901/programas/curvature/curves/anaq/sFlower/C202 sfl2.bmp
2002.01.29 12:11 B C:\User\Andrea\Programas\curvature\curves\anaq\sFlower\C202\X_ana.dat --> cyvision /home/campos/bakcup2901/programas/curvature/curves/anaq/sFlower/C202 X_ana.dat
2002.01.29 12:11 B C:\User\Andrea\Programas\curvature\curves\anaq\sFlower\C202\X_giq.dat --> cyvision /home/campos/bakcup2901/programas/curvature/curves/anaq/sFlower/C202 X_giq.dat
2002.01.29 12:11 B C:\User\Andrea\Programas\curvature\curves\anaq\sFlower\C202\X_sbq.dat --> cyvision /home/campos/bakcup2901/programas/curvature/curves/anaq/sFlower/C202 X_sbq.dat
2002.01.29 12:11 B C:\User\Andrea\Programas\curvature\curves\anaq\sFlower\C202\X_sca.dat --> cyvision /home/campos/bakcup2901/programas/curvature/curves/anaq/sFlower/C202 X_sca.dat
2002.01.29 12:11 B C:\User\Andrea\Programas\curvature\curves\anaq\sFlower\C202\X_vdo.dat --> cyvision /home/campos/bakcup2901/programas/curvature/curves/anaq/sFlower/C202 X_vdo.dat
2002.01.29 12:11 B C:\User\Andrea\Programas\curvature\curves\anaq\sFlower\C202\Y_ana.dat --> cyvision /home/campos/bakcup2901/programas/curvature/curves/anaq/sFlower/C202 Y_ana.dat
2002.01.29 12:11 B C:\User\Andrea\Programas\curvature\curves\anaq\sFlower\C202\Y_giq.dat --> cyvision /home/campos/bakcup2901/programas/curvature/curves/anaq/sFlower/C202 Y_giq.dat
2002.01.29 12:11 B C:\User\Andrea\Programas\curvature\curves\anaq\sFlower\C202\Y_sbq.dat --> cyvision /home/campos/bakcup2901/programas/curvature/curves/anaq/sFlower/C202 Y_sbq.dat
2002.01.29 12:11 B C:\User\Andrea\Programas\curvature\curves\anaq\sFlower\C202\Y_sca.dat --> cyvision /home/campos/bakcup2901/programas/curvature/curves/anaq/sFlower/C202 Y_sca.dat
2002.01.29 12:11 B C:\User\Andrea\Programas\curvature\curves\anaq\sFlower\C202\Y_vdo.dat --> cyvision /home/campos/bakcup2901/programas/curvature/curves/anaq/sFlower/C202 Y_vdo.dat
