2002.01.29 12:10 B C:\User\Andrea\Programas\curvature\curves\anaq\Ellipse\C102\curvescan.emf --> cyvision /home/campos/bakcup2901/programas/curvature/curves/anaq/Ellipse/C102 curvescan.emf
2002.01.29 12:10 B C:\User\Andrea\Programas\curvature\curves\anaq\Ellipse\C102\curvevideo.emf --> cyvision /home/campos/bakcup2901/programas/curvature/curves/anaq/Ellipse/C102 curvevideo.emf
2002.01.29 12:10 B C:\User\Andrea\Programas\curvature\curves\anaq\Ellipse\C102\ell2.bmp --> cyvision /home/campos/bakcup2901/programas/curvature/curves/anaq/Ellipse/C102 ell2.bmp
2002.01.29 12:10 B C:\User\Andrea\Programas\curvature\curves\anaq\Ellipse\C102\fig.bmp --> cyvision /home/campos/bakcup2901/programas/curvature/curves/anaq/Ellipse/C102 fig.bmp
2002.01.29 12:10 B C:\User\Andrea\Programas\curvature\curves\anaq\Ellipse\C102\fig1.emf --> cyvision /home/campos/bakcup2901/programas/curvature/curves/anaq/Ellipse/C102 fig1.emf
2002.01.29 12:10 B C:\User\Andrea\Programas\curvature\curves\anaq\Ellipse\C102\fig2.emf --> cyvision /home/campos/bakcup2901/programas/curvature/curves/anaq/Ellipse/C102 fig2.emf
2002.01.29 12:10 B C:\User\Andrea\Programas\curvature\curves\anaq\Ellipse\C102\IN_K_giq.dat --> cyvision /home/campos/bakcup2901/programas/curvature/curves/anaq/Ellipse/C102 IN_K_giq.dat
2002.01.29 12:10 B C:\User\Andrea\Programas\curvature\curves\anaq\Ellipse\C102\IN_K_sbq.dat --> cyvision /home/campos/bakcup2901/programas/curvature/curves/anaq/Ellipse/C102 IN_K_sbq.dat
2002.01.29 12:10 B C:\User\Andrea\Programas\curvature\curves\anaq\Ellipse\C102\IN_k_sca.dat --> cyvision /home/campos/bakcup2901/programas/curvature/curves/anaq/Ellipse/C102 IN_k_sca.dat
2002.01.29 12:10 B C:\User\Andrea\Programas\curvature\curves\anaq\Ellipse\C102\IN_k_vdo.dat --> cyvision /home/campos/bakcup2901/programas/curvature/curves/anaq/Ellipse/C102 IN_k_vdo.dat
2002.01.29 12:10 B C:\User\Andrea\Programas\curvature\curves\anaq\Ellipse\C102\info.txt --> cyvision /home/campos/bakcup2901/programas/curvature/curves/anaq/Ellipse/C102 info.txt
2002.01.29 12:10 B C:\User\Andrea\Programas\curvature\curves\anaq\Ellipse\C102\K_ana.dat --> cyvision /home/campos/bakcup2901/programas/curvature/curves/anaq/Ellipse/C102 K_ana.dat
2002.01.29 12:10 B C:\User\Andrea\Programas\curvature\curves\anaq\Ellipse\C102\K_giq.dat --> cyvision /home/campos/bakcup2901/programas/curvature/curves/anaq/Ellipse/C102 K_giq.dat
2002.01.29 12:10 B C:\User\Andrea\Programas\curvature\curves\anaq\Ellipse\C102\K_sbq.dat --> cyvision /home/campos/bakcup2901/programas/curvature/curves/anaq/Ellipse/C102 K_sbq.dat
2002.01.29 12:10 B C:\User\Andrea\Programas\curvature\curves\anaq\Ellipse\C102\k_sca.dat --> cyvision /home/campos/bakcup2901/programas/curvature/curves/anaq/Ellipse/C102 k_sca.dat
2002.01.29 12:10 B C:\User\Andrea\Programas\curvature\curves\anaq\Ellipse\C102\k_vdo.dat --> cyvision /home/campos/bakcup2901/programas/curvature/curves/anaq/Ellipse/C102 k_vdo.dat
2002.01.29 12:11 B C:\User\Andrea\Programas\curvature\curves\anaq\Ellipse\C102\X_ana.dat --> cyvision /home/campos/bakcup2901/programas/curvature/curves/anaq/Ellipse/C102 X_ana.dat
2002.01.29 12:11 B C:\User\Andrea\Programas\curvature\curves\anaq\Ellipse\C102\X_giq.dat --> cyvision /home/campos/bakcup2901/programas/curvature/curves/anaq/Ellipse/C102 X_giq.dat
2002.01.29 12:11 B C:\User\Andrea\Programas\curvature\curves\anaq\Ellipse\C102\X_sbq.dat --> cyvision /home/campos/bakcup2901/programas/curvature/curves/anaq/Ellipse/C102 X_sbq.dat
2002.01.29 12:11 B C:\User\Andrea\Programas\curvature\curves\anaq\Ellipse\C102\X_sca.dat --> cyvision /home/campos/bakcup2901/programas/curvature/curves/anaq/Ellipse/C102 X_sca.dat
2002.01.29 12:11 B C:\User\Andrea\Programas\curvature\curves\anaq\Ellipse\C102\X_vdo.dat --> cyvision /home/campos/bakcup2901/programas/curvature/curves/anaq/Ellipse/C102 X_vdo.dat
2002.01.29 12:11 B C:\User\Andrea\Programas\curvature\curves\anaq\Ellipse\C102\Y_ana.dat --> cyvision /home/campos/bakcup2901/programas/curvature/curves/anaq/Ellipse/C102 Y_ana.dat
2002.01.29 12:11 B C:\User\Andrea\Programas\curvature\curves\anaq\Ellipse\C102\Y_giq.dat --> cyvision /home/campos/bakcup2901/programas/curvature/curves/anaq/Ellipse/C102 Y_giq.dat
2002.01.29 12:11 B C:\User\Andrea\Programas\curvature\curves\anaq\Ellipse\C102\Y_sbq.dat --> cyvision /home/campos/bakcup2901/programas/curvature/curves/anaq/Ellipse/C102 Y_sbq.dat
2002.01.29 12:11 B C:\User\Andrea\Programas\curvature\curves\anaq\Ellipse\C102\Y_sca.dat --> cyvision /home/campos/bakcup2901/programas/curvature/curves/anaq/Ellipse/C102 Y_sca.dat
2002.01.29 12:11 B C:\User\Andrea\Programas\curvature\curves\anaq\Ellipse\C102\Y_vdo.dat --> cyvision /home/campos/bakcup2901/programas/curvature/curves/anaq/Ellipse/C102 Y_vdo.dat
